<?xml version="1.0" encoding="UTF-8"?>
<!-- Generated by org.testng.reporters.JUnitXMLReporter -->
<testsuite ignored="0" hostname="pti-notebook02364" failures="1" tests="1" name="Surefire test" time="21.545" errors="0" timestamp="26 Dec 2023 03:42:12 GMT">
  <testcase classname="org.example.SeleniumTest" name="loginTest" time="21.528">
    <failure type="org.openqa.selenium.InvalidSelectorException" message="invalid selector: An invalid or illegal selector was specified
  (Session info: chrome=119.0.6045.199)
For documentation on this error, please visit: https://selenium.dev/exceptions/#invalid_selector_exception
Build info: version: &amp;apos;4.9.0&amp;apos;, revision: &amp;apos;d7057100a6&amp;apos;
System info: os.name: &amp;apos;Linux&amp;apos;, os.arch: &amp;apos;amd64&amp;apos;, os.version: &amp;apos;5.15.0-91-generic&amp;apos;, java.version: &amp;apos;11.0.21&amp;apos;
Driver info: org.openqa.selenium.chrome.ChromeDriver
Command: [679c8b9d5f72fb66da7324816269baec, findElement {using=css selector, value=div.blackText.fontSize18.blackFont.white-space-no-wrap.clusterViewPrice&amp;apos;]}]
Capabilities {acceptInsecureCerts: false, browserName: chrome, browserVersion: 119.0.6045.199, chrome: {chromedriverVersion: 119.0.6045.105 (38c72552c5e..., userDataDir: /tmp/.org.chromium.Chromium...}, fedcm:accounts: true, goog:chromeOptions: {debuggerAddress: localhost:40261}, networkConnectionEnabled: false, pageLoadStrategy: normal, platformName: LINUX, proxy: Proxy(), se:cdp: ws://localhost:40261/devtoo..., se:cdpVersion: 119.0.6045.199, setWindowRect: true, strictFileInteractability: false, timeouts: {implicit: 0, pageLoad: 300000, script: 30000}, unhandledPromptBehavior: dismiss and notify, webauthn:extension:credBlob: true, webauthn:extension:largeBlob: true, webauthn:extension:minPinLength: true, webauthn:extension:prf: true, webauthn:virtualAuthenticators: true}
Session ID: 679c8b9d5f72fb66da7324816269baec">
      <![CDATA[org.openqa.selenium.InvalidSelectorException: invalid selector: An invalid or illegal selector was specified
  (Session info: chrome=119.0.6045.199)
For documentation on this error, please visit: https://selenium.dev/exceptions/#invalid_selector_exception
Build info: version: '4.9.0', revision: 'd7057100a6'
System info: os.name: 'Linux', os.arch: 'amd64', os.version: '5.15.0-91-generic', java.version: '11.0.21'
Driver info: org.openqa.selenium.chrome.ChromeDriver
Command: [679c8b9d5f72fb66da7324816269baec, findElement {using=css selector, value=div.blackText.fontSize18.blackFont.white-space-no-wrap.clusterViewPrice']}]
Capabilities {acceptInsecureCerts: false, browserName: chrome, browserVersion: 119.0.6045.199, chrome: {chromedriverVersion: 119.0.6045.105 (38c72552c5e..., userDataDir: /tmp/.org.chromium.Chromium...}, fedcm:accounts: true, goog:chromeOptions: {debuggerAddress: localhost:40261}, networkConnectionEnabled: false, pageLoadStrategy: normal, platformName: LINUX, proxy: Proxy(), se:cdp: ws://localhost:40261/devtoo..., se:cdpVersion: 119.0.6045.199, setWindowRect: true, strictFileInteractability: false, timeouts: {implicit: 0, pageLoad: 300000, script: 30000}, unhandledPromptBehavior: dismiss and notify, webauthn:extension:credBlob: true, webauthn:extension:largeBlob: true, webauthn:extension:minPinLength: true, webauthn:extension:prf: true, webauthn:virtualAuthenticators: true}
Session ID: 679c8b9d5f72fb66da7324816269baec
at org.openqa.selenium.remote.codec.w3c.W3CHttpResponseCodec.createException(W3CHttpResponseCodec.java:200)
at org.openqa.selenium.remote.codec.w3c.W3CHttpResponseCodec.decode(W3CHttpResponseCodec.java:133)
at org.openqa.selenium.remote.codec.w3c.W3CHttpResponseCodec.decode(W3CHttpResponseCodec.java:53)
at org.openqa.selenium.remote.HttpCommandExecutor.execute(HttpCommandExecutor.java:193)
at org.openqa.selenium.remote.service.DriverCommandExecutor.invokeExecute(DriverCommandExecutor.java:183)
at org.openqa.selenium.remote.service.DriverCommandExecutor.execute(DriverCommandExecutor.java:158)
at org.openqa.selenium.remote.RemoteWebDriver.execute(RemoteWebDriver.java:543)
at org.openqa.selenium.remote.ElementLocation$ElementFinder$2.findElement(ElementLocation.java:162)
at org.openqa.selenium.remote.ElementLocation.findElement(ElementLocation.java:60)
at org.openqa.selenium.remote.RemoteWebDriver.findElement(RemoteWebDriver.java:352)
at org.openqa.selenium.remote.RemoteWebDriver.findElement(RemoteWebDriver.java:344)
at org.example.SeleniumTest.loginTest(SeleniumTest.java:59)
... Removed 34 stack frames]]>
    </failure>
  </testcase> <!-- loginTest -->
</testsuite> <!-- Surefire test -->
