<?xml version="1.0" encoding="UTF-8"?>
<testsuite xmlns:xsi="http://www.w3.org/2001/XMLSchema-instance" xsi:noNamespaceSchemaLocation="https://maven.apache.org/surefire/maven-surefire-plugin/xsd/surefire-test-report-3.0.xsd" version="3.0" name="apitest.RunAllTest" time="2.309" tests="1" errors="0" skipped="0" failures="1">
  <properties>
    <property name="sun.desktop" value="gnome"/>
    <property name="awt.toolkit" value="sun.awt.X11.XToolkit"/>
    <property name="java.specification.version" value="11"/>
    <property name="sun.cpu.isalist" value=""/>
    <property name="sun.jnu.encoding" value="UTF-8"/>
    <property name="java.class.path" value="/home/arfan/coding/DigitalSkola-QA/Homework7_Arfan/target/test-classes:/home/arfan/coding/DigitalSkola-QA/Homework7_Arfan/target/classes:/home/arfan/.m2/repository/com/intuit/karate/karate-junit5/1.4.1/karate-junit5-1.4.1.jar:/home/arfan/.m2/repository/com/intuit/karate/karate-core/1.4.1/karate-core-1.4.1.jar:/home/arfan/.m2/repository/org/graalvm/js/js-scriptengine/22.3.3/js-scriptengine-22.3.3.jar:/home/arfan/.m2/repository/org/graalvm/sdk/graal-sdk/22.3.3/graal-sdk-22.3.3.jar:/home/arfan/.m2/repository/org/graalvm/js/js/22.3.3/js-22.3.3.jar:/home/arfan/.m2/repository/org/graalvm/regex/regex/22.3.3/regex-22.3.3.jar:/home/arfan/.m2/repository/org/graalvm/truffle/truffle-api/22.3.3/truffle-api-22.3.3.jar:/home/arfan/.m2/repository/com/ibm/icu/icu4j/71.1/icu4j-71.1.jar:/home/arfan/.m2/repository/org/thymeleaf/thymeleaf/3.1.2.RELEASE/thymeleaf-3.1.2.RELEASE.jar:/home/arfan/.m2/repository/ognl/ognl/3.3.4/ognl-3.3.4.jar:/home/arfan/.m2/repository/org/javassist/javassist/3.29.0-GA/javassist-3.29.0-GA.jar:/home/arfan/.m2/repository/org/attoparser/attoparser/2.0.7.RELEASE/attoparser-2.0.7.RELEASE.jar:/home/arfan/.m2/repository/org/unbescape/unbescape/1.1.6.RELEASE/unbescape-1.1.6.RELEASE.jar:/home/arfan/.m2/repository/org/slf4j/slf4j-api/2.0.7/slf4j-api-2.0.7.jar:/home/arfan/.m2/repository/com/linecorp/armeria/armeria/1.25.2/armeria-1.25.2.jar:/home/arfan/.m2/repository/com/fasterxml/jackson/core/jackson-annotations/2.15.2/jackson-annotations-2.15.2.jar:/home/arfan/.m2/repository/com/fasterxml/jackson/datatype/jackson-datatype-jdk8/2.15.2/jackson-datatype-jdk8-2.15.2.jar:/home/arfan/.m2/repository/com/fasterxml/jackson/datatype/jackson-datatype-jsr310/2.15.2/jackson-datatype-jsr310-2.15.2.jar:/home/arfan/.m2/repository/io/micrometer/micrometer-core/1.11.3/micrometer-core-1.11.3.jar:/home/arfan/.m2/repository/io/micrometer/micrometer-commons/1.11.3/micrometer-commons-1.11.3.jar:/home/arfan/.m2/repository/io/micrometer/micrometer-observation/1.11.3/micrometer-observation-1.11.3.jar:/home/arfan/.m2/repository/org/hdrhistogram/HdrHistogram/2.1.12/HdrHistogram-2.1.12.jar:/home/arfan/.m2/repository/org/latencyutils/LatencyUtils/2.0.3/LatencyUtils-2.0.3.jar:/home/arfan/.m2/repository/io/netty/netty-transport/4.1.96.Final/netty-transport-4.1.96.Final.jar:/home/arfan/.m2/repository/io/netty/netty-common/4.1.96.Final/netty-common-4.1.96.Final.jar:/home/arfan/.m2/repository/io/netty/netty-buffer/4.1.96.Final/netty-buffer-4.1.96.Final.jar:/home/arfan/.m2/repository/io/netty/netty-resolver/4.1.96.Final/netty-resolver-4.1.96.Final.jar:/home/arfan/.m2/repository/io/netty/netty-codec-haproxy/4.1.96.Final/netty-codec-haproxy-4.1.96.Final.jar:/home/arfan/.m2/repository/io/netty/netty-codec/4.1.96.Final/netty-codec-4.1.96.Final.jar:/home/arfan/.m2/repository/io/netty/netty-codec-http2/4.1.96.Final/netty-codec-http2-4.1.96.Final.jar:/home/arfan/.m2/repository/io/netty/netty-handler/4.1.96.Final/netty-handler-4.1.96.Final.jar:/home/arfan/.m2/repository/io/netty/netty-codec-http/4.1.96.Final/netty-codec-http-4.1.96.Final.jar:/home/arfan/.m2/repository/io/netty/netty-resolver-dns/4.1.96.Final/netty-resolver-dns-4.1.96.Final.jar:/home/arfan/.m2/repository/io/netty/netty-codec-dns/4.1.96.Final/netty-codec-dns-4.1.96.Final.jar:/home/arfan/.m2/repository/org/reactivestreams/reactive-streams/1.0.4/reactive-streams-1.0.4.jar:/home/arfan/.m2/repository/io/netty/netty-handler-proxy/4.1.96.Final/netty-handler-proxy-4.1.96.Final.jar:/home/arfan/.m2/repository/io/netty/netty-codec-socks/4.1.96.Final/netty-codec-socks-4.1.96.Final.jar:/home/arfan/.m2/repository/io/netty/netty-transport-native-unix-common/4.1.96.Final/netty-transport-native-unix-common-4.1.96.Final-linux-x86_64.jar:/home/arfan/.m2/repository/io/netty/netty-transport-native-epoll/4.1.96.Final/netty-transport-native-epoll-4.1.96.Final-linux-x86_64.jar:/home/arfan/.m2/repository/io/netty/netty-transport-native-unix-common/4.1.96.Final/netty-transport-native-unix-common-4.1.96.Final.jar:/home/arfan/.m2/repository/io/netty/netty-transport-classes-epoll/4.1.96.Final/netty-transport-classes-epoll-4.1.96.Final.jar:/home/arfan/.m2/repository/io/netty/netty-transport-native-unix-common/4.1.96.Final/netty-transport-native-unix-common-4.1.96.Final-linux-aarch_64.jar:/home/arfan/.m2/repository/io/netty/netty-transport-native-epoll/4.1.96.Final/netty-transport-native-epoll-4.1.96.Final-linux-aarch_64.jar:/home/arfan/.m2/repository/io/netty/netty-transport-native-unix-common/4.1.96.Final/netty-transport-native-unix-common-4.1.96.Final-osx-x86_64.jar:/home/arfan/.m2/repository/io/netty/netty-transport-native-kqueue/4.1.96.Final/netty-transport-native-kqueue-4.1.96.Final-osx-x86_64.jar:/home/arfan/.m2/repository/io/netty/netty-transport-classes-kqueue/4.1.96.Final/netty-transport-classes-kqueue-4.1.96.Final.jar:/home/arfan/.m2/repository/io/netty/netty-resolver-dns-native-macos/4.1.96.Final/netty-resolver-dns-native-macos-4.1.96.Final-osx-x86_64.jar:/home/arfan/.m2/repository/io/netty/netty-resolver-dns-classes-macos/4.1.96.Final/netty-resolver-dns-classes-macos-4.1.96.Final.jar:/home/arfan/.m2/repository/io/netty/netty-transport-native-unix-common/4.1.96.Final/netty-transport-native-unix-common-4.1.96.Final-osx-aarch_64.jar:/home/arfan/.m2/repository/io/netty/netty-transport-native-kqueue/4.1.96.Final/netty-transport-native-kqueue-4.1.96.Final-osx-aarch_64.jar:/home/arfan/.m2/repository/io/netty/netty-resolver-dns-native-macos/4.1.96.Final/netty-resolver-dns-native-macos-4.1.96.Final-osx-aarch_64.jar:/home/arfan/.m2/repository/io/netty/netty-tcnative-boringssl-static/2.0.61.Final/netty-tcnative-boringssl-static-2.0.61.Final-linux-x86_64.jar:/home/arfan/.m2/repository/io/netty/netty-tcnative-classes/2.0.61.Final/netty-tcnative-classes-2.0.61.Final.jar:/home/arfan/.m2/repository/io/netty/netty-tcnative-boringssl-static/2.0.61.Final/netty-tcnative-boringssl-static-2.0.61.Final-linux-aarch_64.jar:/home/arfan/.m2/repository/io/netty/netty-tcnative-boringssl-static/2.0.61.Final/netty-tcnative-boringssl-static-2.0.61.Final-osx-x86_64.jar:/home/arfan/.m2/repository/io/netty/netty-tcnative-boringssl-static/2.0.61.Final/netty-tcnative-boringssl-static-2.0.61.Final-osx-aarch_64.jar:/home/arfan/.m2/repository/io/netty/netty-tcnative-boringssl-static/2.0.61.Final/netty-tcnative-boringssl-static-2.0.61.Final-windows-x86_64.jar:/home/arfan/.m2/repository/com/aayushatharva/brotli4j/brotli4j/1.12.0/brotli4j-1.12.0.jar:/home/arfan/.m2/repository/com/aayushatharva/brotli4j/service/1.12.0/service-1.12.0.jar:/home/arfan/.m2/repository/com/aayushatharva/brotli4j/native-linux-x86_64/1.12.0/native-linux-x86_64-1.12.0.jar:/home/arfan/.m2/repository/org/apache/httpcomponents/httpclient/4.5.14/httpclient-4.5.14.jar:/home/arfan/.m2/repository/org/apache/httpcomponents/httpcore/4.4.16/httpcore-4.4.16.jar:/home/arfan/.m2/repository/commons-codec/commons-codec/1.16.0/commons-codec-1.16.0.jar:/home/arfan/.m2/repository/ch/qos/logback/logback-classic/1.4.11/logback-classic-1.4.11.jar:/home/arfan/.m2/repository/ch/qos/logback/logback-core/1.4.11/logback-core-1.4.11.jar:/home/arfan/.m2/repository/org/slf4j/jcl-over-slf4j/2.0.9/jcl-over-slf4j-2.0.9.jar:/home/arfan/.m2/repository/org/antlr/antlr4-runtime/4.11.1/antlr4-runtime-4.11.1.jar:/home/arfan/.m2/repository/com/jayway/jsonpath/json-path/2.8.0/json-path-2.8.0.jar:/home/arfan/.m2/repository/net/minidev/json-smart/2.4.10/json-smart-2.4.10.jar:/home/arfan/.m2/repository/net/minidev/accessors-smart/2.4.9/accessors-smart-2.4.9.jar:/home/arfan/.m2/repository/org/ow2/asm/asm/9.3/asm-9.3.jar:/home/arfan/.m2/repository/org/yaml/snakeyaml/2.0/snakeyaml-2.0.jar:/home/arfan/.m2/repository/de/siegmar/fastcsv/2.2.1/fastcsv-2.2.1.jar:/home/arfan/.m2/repository/info/picocli/picocli/4.7.1/picocli-4.7.1.jar:/home/arfan/.m2/repository/io/github/classgraph/classgraph/4.8.160/classgraph-4.8.160.jar:/home/arfan/.m2/repository/io/github/t12y/resemble/1.0.2/resemble-1.0.2.jar:/home/arfan/.m2/repository/io/github/t12y/ssim/1.0.0/ssim-1.0.0.jar:/home/arfan/.m2/repository/org/junit/jupiter/junit-jupiter-api/5.9.3/junit-jupiter-api-5.9.3.jar:/home/arfan/.m2/repository/org/opentest4j/opentest4j/1.2.0/opentest4j-1.2.0.jar:/home/arfan/.m2/repository/org/junit/platform/junit-platform-commons/1.9.3/junit-platform-commons-1.9.3.jar:/home/arfan/.m2/repository/org/apiguardian/apiguardian-api/1.1.2/apiguardian-api-1.1.2.jar:/home/arfan/.m2/repository/org/junit/jupiter/junit-jupiter-engine/5.9.3/junit-jupiter-engine-5.9.3.jar:/home/arfan/.m2/repository/org/junit/platform/junit-platform-engine/1.9.3/junit-platform-engine-1.9.3.jar:/home/arfan/.m2/repository/com/github/java-json-tools/json-schema-validator/2.2.14/json-schema-validator-2.2.14.jar:/home/arfan/.m2/repository/com/google/guava/guava/28.2-android/guava-28.2-android.jar:/home/arfan/.m2/repository/com/google/guava/failureaccess/1.0.1/failureaccess-1.0.1.jar:/home/arfan/.m2/repository/com/google/guava/listenablefuture/9999.0-empty-to-avoid-conflict-with-guava/listenablefuture-9999.0-empty-to-avoid-conflict-with-guava.jar:/home/arfan/.m2/repository/org/checkerframework/checker-compat-qual/2.5.5/checker-compat-qual-2.5.5.jar:/home/arfan/.m2/repository/com/google/errorprone/error_prone_annotations/2.3.4/error_prone_annotations-2.3.4.jar:/home/arfan/.m2/repository/com/google/j2objc/j2objc-annotations/1.3/j2objc-annotations-1.3.jar:/home/arfan/.m2/repository/com/github/java-json-tools/jackson-coreutils-equivalence/1.0/jackson-coreutils-equivalence-1.0.jar:/home/arfan/.m2/repository/com/fasterxml/jackson/core/jackson-databind/2.11.0/jackson-databind-2.11.0.jar:/home/arfan/.m2/repository/com/github/java-json-tools/jackson-coreutils/2.0/jackson-coreutils-2.0.jar:/home/arfan/.m2/repository/com/github/java-json-tools/msg-simple/1.2/msg-simple-1.2.jar:/home/arfan/.m2/repository/com/github/java-json-tools/btf/1.3/btf-1.3.jar:/home/arfan/.m2/repository/com/github/java-json-tools/json-schema-core/1.2.14/json-schema-core-1.2.14.jar:/home/arfan/.m2/repository/com/github/java-json-tools/uri-template/0.10/uri-template-0.10.jar:/home/arfan/.m2/repository/org/mozilla/rhino/1.7.7.2/rhino-1.7.7.2.jar:/home/arfan/.m2/repository/com/sun/mail/mailapi/1.6.2/mailapi-1.6.2.jar:/home/arfan/.m2/repository/joda-time/joda-time/2.10.5/joda-time-2.10.5.jar:/home/arfan/.m2/repository/com/googlecode/libphonenumber/libphonenumber/8.11.1/libphonenumber-8.11.1.jar:/home/arfan/.m2/repository/com/google/code/findbugs/jsr305/3.0.2/jsr305-3.0.2.jar:/home/arfan/.m2/repository/net/sf/jopt-simple/jopt-simple/5.0.4/jopt-simple-5.0.4.jar:/home/arfan/.m2/repository/com/fasterxml/jackson/core/jackson-core/2.12.0/jackson-core-2.12.0.jar:"/>
    <property name="java.vm.vendor" value="Ubuntu"/>
    <property name="sun.arch.data.model" value="64"/>
    <property name="java.vendor.url" value="https://ubuntu.com/"/>
    <property name="user.timezone" value="Asia/Jakarta"/>
    <property name="Test" value="RunAllTest"/>
    <property name="java.vm.specification.version" value="11"/>
    <property name="os.name" value="Linux"/>
    <property name="sun.java.launcher" value="SUN_STANDARD"/>
    <property name="user.country" value="US"/>
    <property name="sun.boot.library.path" value="/usr/lib/jvm/java-11-openjdk-amd64/lib"/>
    <property name="sun.java.command" value="/home/arfan/coding/DigitalSkola-QA/Homework7_Arfan/target/surefire/surefirebooter-20231220214922057_3.jar /home/arfan/coding/DigitalSkola-QA/Homework7_Arfan/target/surefire 2023-12-20T21-49-21_994-jvmRun1 surefire-20231220214922057_1tmp surefire_0-20231220214922057_2tmp"/>
    <property name="jdk.debug" value="release"/>
    <property name="surefire.test.class.path" value="/home/arfan/coding/DigitalSkola-QA/Homework7_Arfan/target/test-classes:/home/arfan/coding/DigitalSkola-QA/Homework7_Arfan/target/classes:/home/arfan/.m2/repository/com/intuit/karate/karate-junit5/1.4.1/karate-junit5-1.4.1.jar:/home/arfan/.m2/repository/com/intuit/karate/karate-core/1.4.1/karate-core-1.4.1.jar:/home/arfan/.m2/repository/org/graalvm/js/js-scriptengine/22.3.3/js-scriptengine-22.3.3.jar:/home/arfan/.m2/repository/org/graalvm/sdk/graal-sdk/22.3.3/graal-sdk-22.3.3.jar:/home/arfan/.m2/repository/org/graalvm/js/js/22.3.3/js-22.3.3.jar:/home/arfan/.m2/repository/org/graalvm/regex/regex/22.3.3/regex-22.3.3.jar:/home/arfan/.m2/repository/org/graalvm/truffle/truffle-api/22.3.3/truffle-api-22.3.3.jar:/home/arfan/.m2/repository/com/ibm/icu/icu4j/71.1/icu4j-71.1.jar:/home/arfan/.m2/repository/org/thymeleaf/thymeleaf/3.1.2.RELEASE/thymeleaf-3.1.2.RELEASE.jar:/home/arfan/.m2/repository/ognl/ognl/3.3.4/ognl-3.3.4.jar:/home/arfan/.m2/repository/org/javassist/javassist/3.29.0-GA/javassist-3.29.0-GA.jar:/home/arfan/.m2/repository/org/attoparser/attoparser/2.0.7.RELEASE/attoparser-2.0.7.RELEASE.jar:/home/arfan/.m2/repository/org/unbescape/unbescape/1.1.6.RELEASE/unbescape-1.1.6.RELEASE.jar:/home/arfan/.m2/repository/org/slf4j/slf4j-api/2.0.7/slf4j-api-2.0.7.jar:/home/arfan/.m2/repository/com/linecorp/armeria/armeria/1.25.2/armeria-1.25.2.jar:/home/arfan/.m2/repository/com/fasterxml/jackson/core/jackson-annotations/2.15.2/jackson-annotations-2.15.2.jar:/home/arfan/.m2/repository/com/fasterxml/jackson/datatype/jackson-datatype-jdk8/2.15.2/jackson-datatype-jdk8-2.15.2.jar:/home/arfan/.m2/repository/com/fasterxml/jackson/datatype/jackson-datatype-jsr310/2.15.2/jackson-datatype-jsr310-2.15.2.jar:/home/arfan/.m2/repository/io/micrometer/micrometer-core/1.11.3/micrometer-core-1.11.3.jar:/home/arfan/.m2/repository/io/micrometer/micrometer-commons/1.11.3/micrometer-commons-1.11.3.jar:/home/arfan/.m2/repository/io/micrometer/micrometer-observation/1.11.3/micrometer-observation-1.11.3.jar:/home/arfan/.m2/repository/org/hdrhistogram/HdrHistogram/2.1.12/HdrHistogram-2.1.12.jar:/home/arfan/.m2/repository/org/latencyutils/LatencyUtils/2.0.3/LatencyUtils-2.0.3.jar:/home/arfan/.m2/repository/io/netty/netty-transport/4.1.96.Final/netty-transport-4.1.96.Final.jar:/home/arfan/.m2/repository/io/netty/netty-common/4.1.96.Final/netty-common-4.1.96.Final.jar:/home/arfan/.m2/repository/io/netty/netty-buffer/4.1.96.Final/netty-buffer-4.1.96.Final.jar:/home/arfan/.m2/repository/io/netty/netty-resolver/4.1.96.Final/netty-resolver-4.1.96.Final.jar:/home/arfan/.m2/repository/io/netty/netty-codec-haproxy/4.1.96.Final/netty-codec-haproxy-4.1.96.Final.jar:/home/arfan/.m2/repository/io/netty/netty-codec/4.1.96.Final/netty-codec-4.1.96.Final.jar:/home/arfan/.m2/repository/io/netty/netty-codec-http2/4.1.96.Final/netty-codec-http2-4.1.96.Final.jar:/home/arfan/.m2/repository/io/netty/netty-handler/4.1.96.Final/netty-handler-4.1.96.Final.jar:/home/arfan/.m2/repository/io/netty/netty-codec-http/4.1.96.Final/netty-codec-http-4.1.96.Final.jar:/home/arfan/.m2/repository/io/netty/netty-resolver-dns/4.1.96.Final/netty-resolver-dns-4.1.96.Final.jar:/home/arfan/.m2/repository/io/netty/netty-codec-dns/4.1.96.Final/netty-codec-dns-4.1.96.Final.jar:/home/arfan/.m2/repository/org/reactivestreams/reactive-streams/1.0.4/reactive-streams-1.0.4.jar:/home/arfan/.m2/repository/io/netty/netty-handler-proxy/4.1.96.Final/netty-handler-proxy-4.1.96.Final.jar:/home/arfan/.m2/repository/io/netty/netty-codec-socks/4.1.96.Final/netty-codec-socks-4.1.96.Final.jar:/home/arfan/.m2/repository/io/netty/netty-transport-native-unix-common/4.1.96.Final/netty-transport-native-unix-common-4.1.96.Final-linux-x86_64.jar:/home/arfan/.m2/repository/io/netty/netty-transport-native-epoll/4.1.96.Final/netty-transport-native-epoll-4.1.96.Final-linux-x86_64.jar:/home/arfan/.m2/repository/io/netty/netty-transport-native-unix-common/4.1.96.Final/netty-transport-native-unix-common-4.1.96.Final.jar:/home/arfan/.m2/repository/io/netty/netty-transport-classes-epoll/4.1.96.Final/netty-transport-classes-epoll-4.1.96.Final.jar:/home/arfan/.m2/repository/io/netty/netty-transport-native-unix-common/4.1.96.Final/netty-transport-native-unix-common-4.1.96.Final-linux-aarch_64.jar:/home/arfan/.m2/repository/io/netty/netty-transport-native-epoll/4.1.96.Final/netty-transport-native-epoll-4.1.96.Final-linux-aarch_64.jar:/home/arfan/.m2/repository/io/netty/netty-transport-native-unix-common/4.1.96.Final/netty-transport-native-unix-common-4.1.96.Final-osx-x86_64.jar:/home/arfan/.m2/repository/io/netty/netty-transport-native-kqueue/4.1.96.Final/netty-transport-native-kqueue-4.1.96.Final-osx-x86_64.jar:/home/arfan/.m2/repository/io/netty/netty-transport-classes-kqueue/4.1.96.Final/netty-transport-classes-kqueue-4.1.96.Final.jar:/home/arfan/.m2/repository/io/netty/netty-resolver-dns-native-macos/4.1.96.Final/netty-resolver-dns-native-macos-4.1.96.Final-osx-x86_64.jar:/home/arfan/.m2/repository/io/netty/netty-resolver-dns-classes-macos/4.1.96.Final/netty-resolver-dns-classes-macos-4.1.96.Final.jar:/home/arfan/.m2/repository/io/netty/netty-transport-native-unix-common/4.1.96.Final/netty-transport-native-unix-common-4.1.96.Final-osx-aarch_64.jar:/home/arfan/.m2/repository/io/netty/netty-transport-native-kqueue/4.1.96.Final/netty-transport-native-kqueue-4.1.96.Final-osx-aarch_64.jar:/home/arfan/.m2/repository/io/netty/netty-resolver-dns-native-macos/4.1.96.Final/netty-resolver-dns-native-macos-4.1.96.Final-osx-aarch_64.jar:/home/arfan/.m2/repository/io/netty/netty-tcnative-boringssl-static/2.0.61.Final/netty-tcnative-boringssl-static-2.0.61.Final-linux-x86_64.jar:/home/arfan/.m2/repository/io/netty/netty-tcnative-classes/2.0.61.Final/netty-tcnative-classes-2.0.61.Final.jar:/home/arfan/.m2/repository/io/netty/netty-tcnative-boringssl-static/2.0.61.Final/netty-tcnative-boringssl-static-2.0.61.Final-linux-aarch_64.jar:/home/arfan/.m2/repository/io/netty/netty-tcnative-boringssl-static/2.0.61.Final/netty-tcnative-boringssl-static-2.0.61.Final-osx-x86_64.jar:/home/arfan/.m2/repository/io/netty/netty-tcnative-boringssl-static/2.0.61.Final/netty-tcnative-boringssl-static-2.0.61.Final-osx-aarch_64.jar:/home/arfan/.m2/repository/io/netty/netty-tcnative-boringssl-static/2.0.61.Final/netty-tcnative-boringssl-static-2.0.61.Final-windows-x86_64.jar:/home/arfan/.m2/repository/com/aayushatharva/brotli4j/brotli4j/1.12.0/brotli4j-1.12.0.jar:/home/arfan/.m2/repository/com/aayushatharva/brotli4j/service/1.12.0/service-1.12.0.jar:/home/arfan/.m2/repository/com/aayushatharva/brotli4j/native-linux-x86_64/1.12.0/native-linux-x86_64-1.12.0.jar:/home/arfan/.m2/repository/org/apache/httpcomponents/httpclient/4.5.14/httpclient-4.5.14.jar:/home/arfan/.m2/repository/org/apache/httpcomponents/httpcore/4.4.16/httpcore-4.4.16.jar:/home/arfan/.m2/repository/commons-codec/commons-codec/1.16.0/commons-codec-1.16.0.jar:/home/arfan/.m2/repository/ch/qos/logback/logback-classic/1.4.11/logback-classic-1.4.11.jar:/home/arfan/.m2/repository/ch/qos/logback/logback-core/1.4.11/logback-core-1.4.11.jar:/home/arfan/.m2/repository/org/slf4j/jcl-over-slf4j/2.0.9/jcl-over-slf4j-2.0.9.jar:/home/arfan/.m2/repository/org/antlr/antlr4-runtime/4.11.1/antlr4-runtime-4.11.1.jar:/home/arfan/.m2/repository/com/jayway/jsonpath/json-path/2.8.0/json-path-2.8.0.jar:/home/arfan/.m2/repository/net/minidev/json-smart/2.4.10/json-smart-2.4.10.jar:/home/arfan/.m2/repository/net/minidev/accessors-smart/2.4.9/accessors-smart-2.4.9.jar:/home/arfan/.m2/repository/org/ow2/asm/asm/9.3/asm-9.3.jar:/home/arfan/.m2/repository/org/yaml/snakeyaml/2.0/snakeyaml-2.0.jar:/home/arfan/.m2/repository/de/siegmar/fastcsv/2.2.1/fastcsv-2.2.1.jar:/home/arfan/.m2/repository/info/picocli/picocli/4.7.1/picocli-4.7.1.jar:/home/arfan/.m2/repository/io/github/classgraph/classgraph/4.8.160/classgraph-4.8.160.jar:/home/arfan/.m2/repository/io/github/t12y/resemble/1.0.2/resemble-1.0.2.jar:/home/arfan/.m2/repository/io/github/t12y/ssim/1.0.0/ssim-1.0.0.jar:/home/arfan/.m2/repository/org/junit/jupiter/junit-jupiter-api/5.9.3/junit-jupiter-api-5.9.3.jar:/home/arfan/.m2/repository/org/opentest4j/opentest4j/1.2.0/opentest4j-1.2.0.jar:/home/arfan/.m2/repository/org/junit/platform/junit-platform-commons/1.9.3/junit-platform-commons-1.9.3.jar:/home/arfan/.m2/repository/org/apiguardian/apiguardian-api/1.1.2/apiguardian-api-1.1.2.jar:/home/arfan/.m2/repository/org/junit/jupiter/junit-jupiter-engine/5.9.3/junit-jupiter-engine-5.9.3.jar:/home/arfan/.m2/repository/org/junit/platform/junit-platform-engine/1.9.3/junit-platform-engine-1.9.3.jar:/home/arfan/.m2/repository/com/github/java-json-tools/json-schema-validator/2.2.14/json-schema-validator-2.2.14.jar:/home/arfan/.m2/repository/com/google/guava/guava/28.2-android/guava-28.2-android.jar:/home/arfan/.m2/repository/com/google/guava/failureaccess/1.0.1/failureaccess-1.0.1.jar:/home/arfan/.m2/repository/com/google/guava/listenablefuture/9999.0-empty-to-avoid-conflict-with-guava/listenablefuture-9999.0-empty-to-avoid-conflict-with-guava.jar:/home/arfan/.m2/repository/org/checkerframework/checker-compat-qual/2.5.5/checker-compat-qual-2.5.5.jar:/home/arfan/.m2/repository/com/google/errorprone/error_prone_annotations/2.3.4/error_prone_annotations-2.3.4.jar:/home/arfan/.m2/repository/com/google/j2objc/j2objc-annotations/1.3/j2objc-annotations-1.3.jar:/home/arfan/.m2/repository/com/github/java-json-tools/jackson-coreutils-equivalence/1.0/jackson-coreutils-equivalence-1.0.jar:/home/arfan/.m2/repository/com/fasterxml/jackson/core/jackson-databind/2.11.0/jackson-databind-2.11.0.jar:/home/arfan/.m2/repository/com/github/java-json-tools/jackson-coreutils/2.0/jackson-coreutils-2.0.jar:/home/arfan/.m2/repository/com/github/java-json-tools/msg-simple/1.2/msg-simple-1.2.jar:/home/arfan/.m2/repository/com/github/java-json-tools/btf/1.3/btf-1.3.jar:/home/arfan/.m2/repository/com/github/java-json-tools/json-schema-core/1.2.14/json-schema-core-1.2.14.jar:/home/arfan/.m2/repository/com/github/java-json-tools/uri-template/0.10/uri-template-0.10.jar:/home/arfan/.m2/repository/org/mozilla/rhino/1.7.7.2/rhino-1.7.7.2.jar:/home/arfan/.m2/repository/com/sun/mail/mailapi/1.6.2/mailapi-1.6.2.jar:/home/arfan/.m2/repository/joda-time/joda-time/2.10.5/joda-time-2.10.5.jar:/home/arfan/.m2/repository/com/googlecode/libphonenumber/libphonenumber/8.11.1/libphonenumber-8.11.1.jar:/home/arfan/.m2/repository/com/google/code/findbugs/jsr305/3.0.2/jsr305-3.0.2.jar:/home/arfan/.m2/repository/net/sf/jopt-simple/jopt-simple/5.0.4/jopt-simple-5.0.4.jar:/home/arfan/.m2/repository/com/fasterxml/jackson/core/jackson-core/2.12.0/jackson-core-2.12.0.jar:"/>
    <property name="sun.cpu.endian" value="little"/>
    <property name="user.home" value="/home/arfan"/>
    <property name="user.language" value="en"/>
    <property name="java.specification.vendor" value="Oracle Corporation"/>
    <property name="java.version.date" value="2023-10-17"/>
    <property name="java.home" value="/usr/lib/jvm/java-11-openjdk-amd64"/>
    <property name="file.separator" value="/"/>
    <property name="basedir" value="/home/arfan/coding/DigitalSkola-QA/Homework7_Arfan"/>
    <property name="java.vm.compressedOopsMode" value="Zero based"/>
    <property name="line.separator" value="&#10;"/>
    <property name="java.specification.name" value="Java Platform API Specification"/>
    <property name="java.vm.specification.vendor" value="Oracle Corporation"/>
    <property name="java.awt.graphicsenv" value="sun.awt.X11GraphicsEnvironment"/>
    <property name="surefire.real.class.path" value="/home/arfan/coding/DigitalSkola-QA/Homework7_Arfan/target/surefire/surefirebooter-20231220214922057_3.jar"/>
    <property name="sun.management.compiler" value="HotSpot 64-Bit Tiered Compilers"/>
    <property name="java.runtime.version" value="11.0.21+9-post-Ubuntu-0ubuntu120.04"/>
    <property name="user.name" value="arfan"/>
    <property name="path.separator" value=":"/>
    <property name="os.version" value="5.15.0-91-generic"/>
    <property name="java.runtime.name" value="OpenJDK Runtime Environment"/>
    <property name="file.encoding" value="UTF-8"/>
    <property name="java.vm.name" value="OpenJDK 64-Bit Server VM"/>
    <property name="localRepository" value="/home/arfan/.m2/repository"/>
    <property name="java.vendor.url.bug" value="https://bugs.launchpad.net/ubuntu/+source/openjdk-lts"/>
    <property name="java.io.tmpdir" value="/tmp"/>
    <property name="java.version" value="11.0.21"/>
    <property name="user.dir" value="/home/arfan/coding/DigitalSkola-QA/Homework7_Arfan"/>
    <property name="os.arch" value="amd64"/>
    <property name="java.vm.specification.name" value="Java Virtual Machine Specification"/>
    <property name="java.awt.printerjob" value="sun.print.PSPrinterJob"/>
    <property name="sun.os.patch.level" value="unknown"/>
    <property name="java.library.path" value="/usr/java/packages/lib:/usr/lib/x86_64-linux-gnu/jni:/lib/x86_64-linux-gnu:/usr/lib/x86_64-linux-gnu:/usr/lib/jni:/lib:/usr/lib"/>
    <property name="java.vm.info" value="mixed mode, sharing"/>
    <property name="java.vendor" value="Ubuntu"/>
    <property name="java.vm.version" value="11.0.21+9-post-Ubuntu-0ubuntu120.04"/>
    <property name="java.specification.maintenance.version" value="2"/>
    <property name="sun.io.unicode.encoding" value="UnicodeLittle"/>
    <property name="java.class.version" value="55.0"/>
  </properties>
  <testcase name="testParallel" classname="apitest.RunAllTest" time="2.291">
    <failure message="js failed:&#10;&gt;&gt;&gt;&gt;&#10;01: baseURL&#10;&lt;&lt;&lt;&lt;&#10;org.graalvm.polyglot.PolyglotException: ReferenceError: &quot;baseURL&quot; is not defined&#10;- &lt;js&gt;.:program(Unnamed:1)&#10;&#10;classpath:apitest/delRequest.feature:4&#10;js failed:&#10;&gt;&gt;&gt;&gt;&#10;01: baseURL&#10;&lt;&lt;&lt;&lt;&#10;org.graalvm.polyglot.PolyglotException: ReferenceError: &quot;baseURL&quot; is not defined&#10;- &lt;js&gt;.:program(Unnamed:1)&#10;&#10;classpath:apitest/deleteRequest.feature:4&#10;js failed:&#10;&gt;&gt;&gt;&gt;&#10;01: baseURL&#10;&lt;&lt;&lt;&lt;&#10;org.graalvm.polyglot.PolyglotException: ReferenceError: &quot;baseURL&quot; is not defined&#10;- &lt;js&gt;.:program(Unnamed:1)&#10;&#10;classpath:apitest/getRequest.feature:4&#10;js failed:&#10;&gt;&gt;&gt;&gt;&#10;01: baseURL&#10;&lt;&lt;&lt;&lt;&#10;org.graalvm.polyglot.PolyglotException: ReferenceError: &quot;baseURL&quot; is not defined&#10;- &lt;js&gt;.:program(Unnamed:1)&#10;&#10;classpath:apitest/getRequest.feature:4&#10;js failed:&#10;&gt;&gt;&gt;&gt;&#10;01: baseURL&#10;&lt;&lt;&lt;&lt;&#10;org.graalvm.polyglot.PolyglotException: ReferenceError: &quot;baseURL&quot; is not defined&#10;- &lt;js&gt;.:program(Unnamed:1)&#10;&#10;classpath:apitest/postRequest.feature:4 ==&gt; expected: &lt;true&gt; but was: &lt;false&gt;" type="org.opentest4j.AssertionFailedError"><![CDATA[org.opentest4j.AssertionFailedError: 
js failed:
>>>>
01: baseURL
<<<<
org.graalvm.polyglot.PolyglotException: ReferenceError: "baseURL" is not defined
- <js>.:program(Unnamed:1)

classpath:apitest/delRequest.feature:4
js failed:
>>>>
01: baseURL
<<<<
org.graalvm.polyglot.PolyglotException: ReferenceError: "baseURL" is not defined
- <js>.:program(Unnamed:1)

classpath:apitest/deleteRequest.feature:4
js failed:
>>>>
01: baseURL
<<<<
org.graalvm.polyglot.PolyglotException: ReferenceError: "baseURL" is not defined
- <js>.:program(Unnamed:1)

classpath:apitest/getRequest.feature:4
js failed:
>>>>
01: baseURL
<<<<
org.graalvm.polyglot.PolyglotException: ReferenceError: "baseURL" is not defined
- <js>.:program(Unnamed:1)

classpath:apitest/getRequest.feature:4
js failed:
>>>>
01: baseURL
<<<<
org.graalvm.polyglot.PolyglotException: ReferenceError: "baseURL" is not defined
- <js>.:program(Unnamed:1)

classpath:apitest/postRequest.feature:4 ==> expected: <true> but was: <false>
	at org.junit.jupiter.api.AssertionFailureBuilder.build(AssertionFailureBuilder.java:151)
	at org.junit.jupiter.api.AssertionFailureBuilder.buildAndThrow(AssertionFailureBuilder.java:132)
	at org.junit.jupiter.api.AssertTrue.failNotTrue(AssertTrue.java:63)
	at org.junit.jupiter.api.AssertTrue.assertTrue(AssertTrue.java:36)
	at org.junit.jupiter.api.Assertions.assertTrue(Assertions.java:211)
	at apitest.RunAllTest.testParallel(RunAllTest.java:13)
	at java.base/jdk.internal.reflect.NativeMethodAccessorImpl.invoke0(Native Method)
	at java.base/jdk.internal.reflect.NativeMethodAccessorImpl.invoke(NativeMethodAccessorImpl.java:62)
	at java.base/jdk.internal.reflect.DelegatingMethodAccessorImpl.invoke(DelegatingMethodAccessorImpl.java:43)
	at java.base/java.lang.reflect.Method.invoke(Method.java:566)
	at org.junit.platform.commons.util.ReflectionUtils.invokeMethod(ReflectionUtils.java:727)
	at org.junit.jupiter.engine.execution.MethodInvocation.proceed(MethodInvocation.java:60)
	at org.junit.jupiter.engine.execution.InvocationInterceptorChain$ValidatingInvocation.proceed(InvocationInterceptorChain.java:131)
	at org.junit.jupiter.engine.extension.TimeoutExtension.intercept(TimeoutExtension.java:156)
	at org.junit.jupiter.engine.extension.TimeoutExtension.interceptTestableMethod(TimeoutExtension.java:147)
	at org.junit.jupiter.engine.extension.TimeoutExtension.interceptTestMethod(TimeoutExtension.java:86)
	at org.junit.jupiter.engine.execution.InterceptingExecutableInvoker$ReflectiveInterceptorCall.lambda$ofVoidMethod$0(InterceptingExecutableInvoker.java:103)
	at org.junit.jupiter.engine.execution.InterceptingExecutableInvoker.lambda$invoke$0(InterceptingExecutableInvoker.java:93)
	at org.junit.jupiter.engine.execution.InvocationInterceptorChain$InterceptedInvocation.proceed(InvocationInterceptorChain.java:106)
	at org.junit.jupiter.engine.execution.InvocationInterceptorChain.proceed(InvocationInterceptorChain.java:64)
	at org.junit.jupiter.engine.execution.InvocationInterceptorChain.chainAndInvoke(InvocationInterceptorChain.java:45)
	at org.junit.jupiter.engine.execution.InvocationInterceptorChain.invoke(InvocationInterceptorChain.java:37)
	at org.junit.jupiter.engine.execution.InterceptingExecutableInvoker.invoke(InterceptingExecutableInvoker.java:92)
	at org.junit.jupiter.engine.execution.InterceptingExecutableInvoker.invoke(InterceptingExecutableInvoker.java:86)
	at org.junit.jupiter.engine.descriptor.TestMethodTestDescriptor.lambda$invokeTestMethod$7(TestMethodTestDescriptor.java:217)
	at org.junit.platform.engine.support.hierarchical.ThrowableCollector.execute(ThrowableCollector.java:73)
	at org.junit.jupiter.engine.descriptor.TestMethodTestDescriptor.invokeTestMethod(TestMethodTestDescriptor.java:213)
	at org.junit.jupiter.engine.descriptor.TestMethodTestDescriptor.execute(TestMethodTestDescriptor.java:138)
	at org.junit.jupiter.engine.descriptor.TestMethodTestDescriptor.execute(TestMethodTestDescriptor.java:68)
	at org.junit.platform.engine.support.hierarchical.NodeTestTask.lambda$executeRecursively$6(NodeTestTask.java:151)
	at org.junit.platform.engine.support.hierarchical.ThrowableCollector.execute(ThrowableCollector.java:73)
	at org.junit.platform.engine.support.hierarchical.NodeTestTask.lambda$executeRecursively$8(NodeTestTask.java:141)
	at org.junit.platform.engine.support.hierarchical.Node.around(Node.java:137)
	at org.junit.platform.engine.support.hierarchical.NodeTestTask.lambda$executeRecursively$9(NodeTestTask.java:139)
	at org.junit.platform.engine.support.hierarchical.ThrowableCollector.execute(ThrowableCollector.java:73)
	at org.junit.platform.engine.support.hierarchical.NodeTestTask.executeRecursively(NodeTestTask.java:138)
	at org.junit.platform.engine.support.hierarchical.NodeTestTask.execute(NodeTestTask.java:95)
	at java.base/java.util.ArrayList.forEach(ArrayList.java:1541)
	at org.junit.platform.engine.support.hierarchical.SameThreadHierarchicalTestExecutorService.invokeAll(SameThreadHierarchicalTestExecutorService.java:41)
	at org.junit.platform.engine.support.hierarchical.NodeTestTask.lambda$executeRecursively$6(NodeTestTask.java:155)
	at org.junit.platform.engine.support.hierarchical.ThrowableCollector.execute(ThrowableCollector.java:73)
	at org.junit.platform.engine.support.hierarchical.NodeTestTask.lambda$executeRecursively$8(NodeTestTask.java:141)
	at org.junit.platform.engine.support.hierarchical.Node.around(Node.java:137)
	at org.junit.platform.engine.support.hierarchical.NodeTestTask.lambda$executeRecursively$9(NodeTestTask.java:139)
	at org.junit.platform.engine.support.hierarchical.ThrowableCollector.execute(ThrowableCollector.java:73)
	at org.junit.platform.engine.support.hierarchical.NodeTestTask.executeRecursively(NodeTestTask.java:138)
	at org.junit.platform.engine.support.hierarchical.NodeTestTask.execute(NodeTestTask.java:95)
	at java.base/java.util.ArrayList.forEach(ArrayList.java:1541)
	at org.junit.platform.engine.support.hierarchical.SameThreadHierarchicalTestExecutorService.invokeAll(SameThreadHierarchicalTestExecutorService.java:41)
	at org.junit.platform.engine.support.hierarchical.NodeTestTask.lambda$executeRecursively$6(NodeTestTask.java:155)
	at org.junit.platform.engine.support.hierarchical.ThrowableCollector.execute(ThrowableCollector.java:73)
	at org.junit.platform.engine.support.hierarchical.NodeTestTask.lambda$executeRecursively$8(NodeTestTask.java:141)
	at org.junit.platform.engine.support.hierarchical.Node.around(Node.java:137)
	at org.junit.platform.engine.support.hierarchical.NodeTestTask.lambda$executeRecursively$9(NodeTestTask.java:139)
	at org.junit.platform.engine.support.hierarchical.ThrowableCollector.execute(ThrowableCollector.java:73)
	at org.junit.platform.engine.support.hierarchical.NodeTestTask.executeRecursively(NodeTestTask.java:138)
	at org.junit.platform.engine.support.hierarchical.NodeTestTask.execute(NodeTestTask.java:95)
	at org.junit.platform.engine.support.hierarchical.SameThreadHierarchicalTestExecutorService.submit(SameThreadHierarchicalTestExecutorService.java:35)
	at org.junit.platform.engine.support.hierarchical.HierarchicalTestExecutor.execute(HierarchicalTestExecutor.java:57)
	at org.junit.platform.engine.support.hierarchical.HierarchicalTestEngine.execute(HierarchicalTestEngine.java:54)
	at org.junit.platform.launcher.core.EngineExecutionOrchestrator.execute(EngineExecutionOrchestrator.java:147)
	at org.junit.platform.launcher.core.EngineExecutionOrchestrator.execute(EngineExecutionOrchestrator.java:127)
	at org.junit.platform.launcher.core.EngineExecutionOrchestrator.execute(EngineExecutionOrchestrator.java:90)
	at org.junit.platform.launcher.core.EngineExecutionOrchestrator.lambda$execute$0(EngineExecutionOrchestrator.java:55)
	at org.junit.platform.launcher.core.EngineExecutionOrchestrator.withInterceptedStreams(EngineExecutionOrchestrator.java:102)
	at org.junit.platform.launcher.core.EngineExecutionOrchestrator.execute(EngineExecutionOrchestrator.java:54)
	at org.junit.platform.launcher.core.DefaultLauncher.execute(DefaultLauncher.java:114)
	at org.junit.platform.launcher.core.DefaultLauncher.execute(DefaultLauncher.java:86)
	at org.junit.platform.launcher.core.DefaultLauncherSession$DelegatingLauncher.execute(DefaultLauncherSession.java:86)
	at org.apache.maven.surefire.junitplatform.LazyLauncher.execute(LazyLauncher.java:50)
	at org.apache.maven.surefire.junitplatform.JUnitPlatformProvider.execute(JUnitPlatformProvider.java:184)
	at org.apache.maven.surefire.junitplatform.JUnitPlatformProvider.invokeAllTests(JUnitPlatformProvider.java:148)
	at org.apache.maven.surefire.junitplatform.JUnitPlatformProvider.invoke(JUnitPlatformProvider.java:122)
	at org.apache.maven.surefire.booter.ForkedBooter.runSuitesInProcess(ForkedBooter.java:385)
	at org.apache.maven.surefire.booter.ForkedBooter.execute(ForkedBooter.java:162)
	at org.apache.maven.surefire.booter.ForkedBooter.run(ForkedBooter.java:507)
	at org.apache.maven.surefire.booter.ForkedBooter.main(ForkedBooter.java:495)
]]></failure>
    <system-out><![CDATA[21:49:23.220 [main] INFO  com.intuit.karate.Suite - backed up existing 'target/karate-reports' dir to: target/karate-reports_1703083763217
21:49:23.907 [main] INFO  com.intuit.karate - karate.env system property was: null 
21:49:23.952 [main] ERROR com.intuit.karate - classpath:apitest/delRequest.feature:4
Given url baseURL
js failed:
>>>>
01: baseURL
<<<<
org.graalvm.polyglot.PolyglotException: ReferenceError: "baseURL" is not defined
- <js>.:program(Unnamed:1)

classpath:apitest/delRequest.feature:4
---------------------------------------------------------
feature: classpath:apitest/delRequest.feature
scenarios:  1 | passed:  0 | failed:  1 | time: 0.0077
---------------------------------------------------------

21:49:24.372 [main] INFO  com.intuit.karate.Suite - <<fail>> feature 1 of 4 (0 remaining) classpath:apitest/delRequest.feature
21:49:24.379 [main] INFO  com.intuit.karate - karate.env system property was: null 
21:49:24.383 [main] ERROR com.intuit.karate - classpath:apitest/deleteRequest.feature:4
Given url baseURL
js failed:
>>>>
01: baseURL
<<<<
org.graalvm.polyglot.PolyglotException: ReferenceError: "baseURL" is not defined
- <js>.:program(Unnamed:1)

classpath:apitest/deleteRequest.feature:4
---------------------------------------------------------
feature: classpath:apitest/deleteRequest.feature
scenarios:  1 | passed:  0 | failed:  1 | time: 0.0014
---------------------------------------------------------

21:49:24.442 [main] INFO  com.intuit.karate.Suite - <<fail>> feature 2 of 4 (0 remaining) classpath:apitest/deleteRequest.feature
21:49:24.450 [main] INFO  com.intuit.karate - karate.env system property was: null 
21:49:24.453 [main] ERROR com.intuit.karate - classpath:apitest/getRequest.feature:4
Given url baseURL
js failed:
>>>>
01: baseURL
<<<<
org.graalvm.polyglot.PolyglotException: ReferenceError: "baseURL" is not defined
- <js>.:program(Unnamed:1)

classpath:apitest/getRequest.feature:4
21:49:24.458 [main] INFO  com.intuit.karate - karate.env system property was: null 
21:49:24.461 [main] ERROR com.intuit.karate - classpath:apitest/getRequest.feature:4
Given url baseURL
js failed:
>>>>
01: baseURL
<<<<
org.graalvm.polyglot.PolyglotException: ReferenceError: "baseURL" is not defined
- <js>.:program(Unnamed:1)

classpath:apitest/getRequest.feature:4
---------------------------------------------------------
feature: classpath:apitest/getRequest.feature
scenarios:  2 | passed:  0 | failed:  2 | time: 0.0022
---------------------------------------------------------

21:49:24.599 [main] INFO  com.intuit.karate.Suite - <<fail>> feature 3 of 4 (0 remaining) classpath:apitest/getRequest.feature
21:49:24.606 [main] INFO  com.intuit.karate - karate.env system property was: null 
21:49:24.610 [main] ERROR com.intuit.karate - classpath:apitest/postRequest.feature:4
Given url baseURL
js failed:
>>>>
01: baseURL
<<<<
org.graalvm.polyglot.PolyglotException: ReferenceError: "baseURL" is not defined
- <js>.:program(Unnamed:1)

classpath:apitest/postRequest.feature:4
---------------------------------------------------------
feature: classpath:apitest/postRequest.feature
scenarios:  1 | passed:  0 | failed:  1 | time: 0.0012
---------------------------------------------------------

21:49:24.661 [main] INFO  com.intuit.karate.Suite - <<fail>> feature 4 of 4 (0 remaining) classpath:apitest/postRequest.feature
Karate version: 1.4.1
======================================================
elapsed:   1.93 | threads:    1 | thread time: 0.01 
features:     4 | skipped:    0 | efficiency: 0.01
scenarios:    5 | passed:     0 | failed: 5
======================================================
>>> failed features:
js failed:
>>>>
01: baseURL
<<<<
org.graalvm.polyglot.PolyglotException: ReferenceError: "baseURL" is not defined
- <js>.:program(Unnamed:1)

classpath:apitest/delRequest.feature:4
js failed:
>>>>
01: baseURL
<<<<
org.graalvm.polyglot.PolyglotException: ReferenceError: "baseURL" is not defined
- <js>.:program(Unnamed:1)

classpath:apitest/deleteRequest.feature:4
js failed:
>>>>
01: baseURL
<<<<
org.graalvm.polyglot.PolyglotException: ReferenceError: "baseURL" is not defined
- <js>.:program(Unnamed:1)

classpath:apitest/getRequest.feature:4
js failed:
>>>>
01: baseURL
<<<<
org.graalvm.polyglot.PolyglotException: ReferenceError: "baseURL" is not defined
- <js>.:program(Unnamed:1)

classpath:apitest/getRequest.feature:4
js failed:
>>>>
01: baseURL
<<<<
org.graalvm.polyglot.PolyglotException: ReferenceError: "baseURL" is not defined
- <js>.:program(Unnamed:1)

classpath:apitest/postRequest.feature:4
<<<

HTML report: (paste into browser to view) | Karate version: 1.4.1
file:///home/arfan/coding/DigitalSkola-QA/Homework7_Arfan/target/karate-reports/karate-summary.html
===================================================================

]]></system-out>
  </testcase>
</testsuite>