<?xml version="1.0" encoding="UTF-8"?>
<testsuite xmlns:xsi="http://www.w3.org/2001/XMLSchema-instance" xsi:noNamespaceSchemaLocation="https://maven.apache.org/surefire/maven-surefire-plugin/xsd/surefire-test-report-3.0.xsd" version="3.0" name="apitest.RunAllTest" time="42.607" tests="1" errors="0" skipped="0" failures="0">
  <properties>
[...]
</properties>
  <testcase name="testParallel" classname="apitest.RunAllTest" time="42.591">
    <system-out><![CDATA[20:18:30.774 [main] INFO  com.intuit.karate.Suite - backed up existing 'target/karate-reports' dir to: target/karate-reports_1702819110771
20:18:31.549 [main] INFO  com.intuit.karate - karate.env system property was: null 
20:18:31.576 [main] INFO  com.intuit.karate - [print] This is Delete step preparation 
20:18:33.670 [main] INFO  com.intuit.karate - [print]  
---------------------------------------------------------
feature: classpath:apitest/delRequest.feature
scenarios:  1 | passed:  1 | failed:  0 | time: 2.0964
---------------------------------------------------------

20:18:34.120 [main] INFO  com.intuit.karate.Suite - <<pass>> feature 1 of 3 (0 remaining) classpath:apitest/delRequest.feature
20:18:34.128 [main] INFO  com.intuit.karate - karate.env system property was: null 
20:18:34.131 [main] INFO  com.intuit.karate - [print] ========= Ini test Get Data ======== 
20:19:05.927 [main] INFO  com.intuit.karate - [print] {
  "page": 1,
  "per_page": 6,
  "total": 12,
  "total_pages": 2,
  "data": [
    {
      "id": 1,
      "email": "george.bluth@reqres.in",
      "first_name": "George",
      "last_name": "Bluth",
      "avatar": "https://reqres.in/img/faces/1-image.jpg"
    },
    {
      "id": 2,
      "email": "janet.weaver@reqres.in",
      "first_name": "Janet",
      "last_name": "Weaver",
      "avatar": "https://reqres.in/img/faces/2-image.jpg"
    },
    {
      "id": 3,
      "email": "emma.wong@reqres.in",
      "first_name": "Emma",
      "last_name": "Wong",
      "avatar": "https://reqres.in/img/faces/3-image.jpg"
    },
    {
      "id": 4,
      "email": "eve.holt@reqres.in",
      "first_name": "Eve",
      "last_name": "Holt",
      "avatar": "https://reqres.in/img/faces/4-image.jpg"
    },
    {
      "id": 5,
      "email": "charles.morris@reqres.in",
      "first_name": "Charles",
      "last_name": "Morris",
      "avatar": "https://reqres.in/img/faces/5-image.jpg"
    },
    {
      "id": 6,
      "email": "tracey.ramos@reqres.in",
      "first_name": "Tracey",
      "last_name": "Ramos",
      "avatar": "https://reqres.in/img/faces/6-image.jpg"
    }
  ],
  "support": {
    "url": "https://reqres.in/#support-heading",
    "text": "To keep ReqRes free, contributions towards server costs are appreciated!"
  }
}
 
20:19:05.934 [main] INFO  com.intuit.karate - karate.env system property was: null 
20:19:05.935 [main] INFO  com.intuit.karate - [print] ========= Ini test Get Data ======== 
20:19:09.953 [main] INFO  com.intuit.karate - [print] {
  "data": {
    "id": 2,
    "email": "janet.weaver@reqres.in",
    "first_name": "Janet",
    "last_name": "Weaver",
    "avatar": "https://reqres.in/img/faces/2-image.jpg"
  },
  "support": {
    "url": "https://reqres.in/#support-heading",
    "text": "To keep ReqRes free, contributions towards server costs are appreciated!"
  }
}
 
---------------------------------------------------------
feature: classpath:apitest/getRequest.feature
scenarios:  2 | passed:  2 | failed:  0 | time: 36.0504
---------------------------------------------------------

20:19:10.356 [main] INFO  com.intuit.karate.Suite - <<pass>> feature 2 of 3 (0 remaining) classpath:apitest/getRequest.feature
20:19:10.362 [main] INFO  com.intuit.karate - karate.env system property was: null 
20:19:10.363 [main] INFO  com.intuit.karate - [print] ------- ini adalah test post 
20:19:12.250 [main] INFO  com.intuit.karate - [print] {
  "id": "666",
  "createdAt": "2023-12-17T13:19:12.298Z"
}
 
---------------------------------------------------------
feature: classpath:apitest/postRequest.feature
scenarios:  1 | passed:  1 | failed:  0 | time: 1.8884
---------------------------------------------------------

20:19:12.304 [main] INFO  com.intuit.karate.Suite - <<pass>> feature 3 of 3 (0 remaining) classpath:apitest/postRequest.feature
Karate version: 1.4.1
======================================================
elapsed:  42.12 | threads:    1 | thread time: 40.03 
features:     3 | skipped:    0 | efficiency: 0.95
scenarios:    4 | passed:     4 | failed: 0
======================================================

HTML report: (paste into browser to view) | Karate version: 1.4.1
file:///home/arfan/coding/DigitalSkola-QA/Karate/target/karate-reports/karate-summary.html
===================================================================

]]></system-out>
  </testcase>
</testsuite>