<?xml version="1.0" encoding="UTF-8"?>
<testng-results ignored="0" total="1" passed="1" failed="0" skipped="0">
  <reporter-output>
  </reporter-output>
  <suite started-at="2023-12-23T10:14:02Z" name="Surefire suite" finished-at="2023-12-23T10:14:02Z" duration-ms="12">
    <groups>
    </groups>
    <test started-at="2023-12-23T10:14:02Z" name="Surefire test" finished-at="2023-12-23T10:14:02Z" duration-ms="12">
      <class name="Homework8_Arfan.src.test.java.org.example.AppTest">
        <test-method signature="shouldAnswerWithTrue()[pri:0, instance:Homework8_Arfan.src.test.java.org.example.AppTest@25bbf683]" started-at="2023-12-23T10:14:02Z" name="shouldAnswerWithTrue" finished-at="2023-12-23T10:14:02Z" duration-ms="3" status="PASS">
          <reporter-output>
          </reporter-output>
        </test-method> <!-- shouldAnswerWithTrue -->
      </class> <!-- Homework8_Arfan.src.test.java.org.example.AppTest -->
    </test> <!-- Surefire test -->
  </suite> <!-- Surefire suite -->
</testng-results>
