<?xml version="1.0" encoding="UTF-8"?>
<testsuite xmlns:xsi="http://www.w3.org/2001/XMLSchema-instance" xsi:noNamespaceSchemaLocation="https://maven.apache.org/surefire/maven-surefire-plugin/xsd/surefire-test-report-3.0.xsd" version="3.0" name="apitest.RunAllTest" time="2.309" tests="1" errors="0" skipped="0" failures="1">
  <properties>
[...]
</properties>
  <testcase name="testParallel" classname="apitest.RunAllTest" time="2.291">
    <failure message="js failed:&#10;&gt;&gt;&gt;&gt;&#10;01: baseURL&#10;&lt;&lt;&lt;&lt;&#10;org.graalvm.polyglot.PolyglotException: ReferenceError: &quot;baseURL&quot; is not defined&#10;- &lt;js&gt;.:program(Unnamed:1)&#10;&#10;classpath:apitest/delRequest.feature:4&#10;js failed:&#10;&gt;&gt;&gt;&gt;&#10;01: baseURL&#10;&lt;&lt;&lt;&lt;&#10;org.graalvm.polyglot.PolyglotException: ReferenceError: &quot;baseURL&quot; is not defined&#10;- &lt;js&gt;.:program(Unnamed:1)&#10;&#10;classpath:apitest/deleteRequest.feature:4&#10;js failed:&#10;&gt;&gt;&gt;&gt;&#10;01: baseURL&#10;&lt;&lt;&lt;&lt;&#10;org.graalvm.polyglot.PolyglotException: ReferenceError: &quot;baseURL&quot; is not defined&#10;- &lt;js&gt;.:program(Unnamed:1)&#10;&#10;classpath:apitest/getRequest.feature:4&#10;js failed:&#10;&gt;&gt;&gt;&gt;&#10;01: baseURL&#10;&lt;&lt;&lt;&lt;&#10;org.graalvm.polyglot.PolyglotException: ReferenceError: &quot;baseURL&quot; is not defined&#10;- &lt;js&gt;.:program(Unnamed:1)&#10;&#10;classpath:apitest/getRequest.feature:4&#10;js failed:&#10;&gt;&gt;&gt;&gt;&#10;01: baseURL&#10;&lt;&lt;&lt;&lt;&#10;org.graalvm.polyglot.PolyglotException: ReferenceError: &quot;baseURL&quot; is not defined&#10;- &lt;js&gt;.:program(Unnamed:1)&#10;&#10;classpath:apitest/postRequest.feature:4 ==&gt; expected: &lt;true&gt; but was: &lt;false&gt;" type="org.opentest4j.AssertionFailedError"><![CDATA[org.opentest4j.AssertionFailedError: 
js failed:
>>>>
01: baseURL
<<<<
org.graalvm.polyglot.PolyglotException: ReferenceError: "baseURL" is not defined
- <js>.:program(Unnamed:1)

classpath:apitest/delRequest.feature:4
js failed:
>>>>
01: baseURL
<<<<
org.graalvm.polyglot.PolyglotException: ReferenceError: "baseURL" is not defined
- <js>.:program(Unnamed:1)

classpath:apitest/deleteRequest.feature:4
js failed:
>>>>
01: baseURL
<<<<
org.graalvm.polyglot.PolyglotException: ReferenceError: "baseURL" is not defined
- <js>.:program(Unnamed:1)

classpath:apitest/getRequest.feature:4
js failed:
>>>>
01: baseURL
<<<<
org.graalvm.polyglot.PolyglotException: ReferenceError: "baseURL" is not defined
- <js>.:program(Unnamed:1)

classpath:apitest/getRequest.feature:4
js failed:
>>>>
01: baseURL
<<<<
org.graalvm.polyglot.PolyglotException: ReferenceError: "baseURL" is not defined
- <js>.:program(Unnamed:1)

classpath:apitest/postRequest.feature:4 ==> expected: <true> but was: <false>
	at org.junit.jupiter.api.AssertionFailureBuilder.build(AssertionFailureBuilder.java:151)
	at org.junit.jupiter.api.AssertionFailureBuilder.buildAndThrow(AssertionFailureBuilder.java:132)
	at org.junit.jupiter.api.AssertTrue.failNotTrue(AssertTrue.java:63)
	at org.junit.jupiter.api.AssertTrue.assertTrue(AssertTrue.java:36)
	at org.junit.jupiter.api.Assertions.assertTrue(Assertions.java:211)
	at apitest.RunAllTest.testParallel(RunAllTest.java:13)
	at java.base/jdk.internal.reflect.NativeMethodAccessorImpl.invoke0(Native Method)
	at java.base/jdk.internal.reflect.NativeMethodAccessorImpl.invoke(NativeMethodAccessorImpl.java:62)
	at java.base/jdk.internal.reflect.DelegatingMethodAccessorImpl.invoke(DelegatingMethodAccessorImpl.java:43)
	at java.base/java.lang.reflect.Method.invoke(Method.java:566)
	at org.junit.platform.commons.util.ReflectionUtils.invokeMethod(ReflectionUtils.java:727)
	at org.junit.jupiter.engine.execution.MethodInvocation.proceed(MethodInvocation.java:60)
	at org.junit.jupiter.engine.execution.InvocationInterceptorChain$ValidatingInvocation.proceed(InvocationInterceptorChain.java:131)
	at org.junit.jupiter.engine.extension.TimeoutExtension.intercept(TimeoutExtension.java:156)
	at org.junit.jupiter.engine.extension.TimeoutExtension.interceptTestableMethod(TimeoutExtension.java:147)
	at org.junit.jupiter.engine.extension.TimeoutExtension.interceptTestMethod(TimeoutExtension.java:86)
	at org.junit.jupiter.engine.execution.InterceptingExecutableInvoker$ReflectiveInterceptorCall.lambda$ofVoidMethod$0(InterceptingExecutableInvoker.java:103)
	at org.junit.jupiter.engine.execution.InterceptingExecutableInvoker.lambda$invoke$0(InterceptingExecutableInvoker.java:93)
	at org.junit.jupiter.engine.execution.InvocationInterceptorChain$InterceptedInvocation.proceed(InvocationInterceptorChain.java:106)
	at org.junit.jupiter.engine.execution.InvocationInterceptorChain.proceed(InvocationInterceptorChain.java:64)
	at org.junit.jupiter.engine.execution.InvocationInterceptorChain.chainAndInvoke(InvocationInterceptorChain.java:45)
	at org.junit.jupiter.engine.execution.InvocationInterceptorChain.invoke(InvocationInterceptorChain.java:37)
	at org.junit.jupiter.engine.execution.InterceptingExecutableInvoker.invoke(InterceptingExecutableInvoker.java:92)
	at org.junit.jupiter.engine.execution.InterceptingExecutableInvoker.invoke(InterceptingExecutableInvoker.java:86)
	at org.junit.jupiter.engine.descriptor.TestMethodTestDescriptor.lambda$invokeTestMethod$7(TestMethodTestDescriptor.java:217)
	at org.junit.platform.engine.support.hierarchical.ThrowableCollector.execute(ThrowableCollector.java:73)
	at org.junit.jupiter.engine.descriptor.TestMethodTestDescriptor.invokeTestMethod(TestMethodTestDescriptor.java:213)
	at org.junit.jupiter.engine.descriptor.TestMethodTestDescriptor.execute(TestMethodTestDescriptor.java:138)
	at org.junit.jupiter.engine.descriptor.TestMethodTestDescriptor.execute(TestMethodTestDescriptor.java:68)
	at org.junit.platform.engine.support.hierarchical.NodeTestTask.lambda$executeRecursively$6(NodeTestTask.java:151)
	at org.junit.platform.engine.support.hierarchical.ThrowableCollector.execute(ThrowableCollector.java:73)
	at org.junit.platform.engine.support.hierarchical.NodeTestTask.lambda$executeRecursively$8(NodeTestTask.java:141)
	at org.junit.platform.engine.support.hierarchical.Node.around(Node.java:137)
	at org.junit.platform.engine.support.hierarchical.NodeTestTask.lambda$executeRecursively$9(NodeTestTask.java:139)
	at org.junit.platform.engine.support.hierarchical.ThrowableCollector.execute(ThrowableCollector.java:73)
	at org.junit.platform.engine.support.hierarchical.NodeTestTask.executeRecursively(NodeTestTask.java:138)
	at org.junit.platform.engine.support.hierarchical.NodeTestTask.execute(NodeTestTask.java:95)
	at java.base/java.util.ArrayList.forEach(ArrayList.java:1541)
	at org.junit.platform.engine.support.hierarchical.SameThreadHierarchicalTestExecutorService.invokeAll(SameThreadHierarchicalTestExecutorService.java:41)
	at org.junit.platform.engine.support.hierarchical.NodeTestTask.lambda$executeRecursively$6(NodeTestTask.java:155)
	at org.junit.platform.engine.support.hierarchical.ThrowableCollector.execute(ThrowableCollector.java:73)
	at org.junit.platform.engine.support.hierarchical.NodeTestTask.lambda$executeRecursively$8(NodeTestTask.java:141)
	at org.junit.platform.engine.support.hierarchical.Node.around(Node.java:137)
	at org.junit.platform.engine.support.hierarchical.NodeTestTask.lambda$executeRecursively$9(NodeTestTask.java:139)
	at org.junit.platform.engine.support.hierarchical.ThrowableCollector.execute(ThrowableCollector.java:73)
	at org.junit.platform.engine.support.hierarchical.NodeTestTask.executeRecursively(NodeTestTask.java:138)
	at org.junit.platform.engine.support.hierarchical.NodeTestTask.execute(NodeTestTask.java:95)
	at java.base/java.util.ArrayList.forEach(ArrayList.java:1541)
	at org.junit.platform.engine.support.hierarchical.SameThreadHierarchicalTestExecutorService.invokeAll(SameThreadHierarchicalTestExecutorService.java:41)
	at org.junit.platform.engine.support.hierarchical.NodeTestTask.lambda$executeRecursively$6(NodeTestTask.java:155)
	at org.junit.platform.engine.support.hierarchical.ThrowableCollector.execute(ThrowableCollector.java:73)
	at org.junit.platform.engine.support.hierarchical.NodeTestTask.lambda$executeRecursively$8(NodeTestTask.java:141)
	at org.junit.platform.engine.support.hierarchical.Node.around(Node.java:137)
	at org.junit.platform.engine.support.hierarchical.NodeTestTask.lambda$executeRecursively$9(NodeTestTask.java:139)
	at org.junit.platform.engine.support.hierarchical.ThrowableCollector.execute(ThrowableCollector.java:73)
	at org.junit.platform.engine.support.hierarchical.NodeTestTask.executeRecursively(NodeTestTask.java:138)
	at org.junit.platform.engine.support.hierarchical.NodeTestTask.execute(NodeTestTask.java:95)
	at org.junit.platform.engine.support.hierarchical.SameThreadHierarchicalTestExecutorService.submit(SameThreadHierarchicalTestExecutorService.java:35)
	at org.junit.platform.engine.support.hierarchical.HierarchicalTestExecutor.execute(HierarchicalTestExecutor.java:57)
	at org.junit.platform.engine.support.hierarchical.HierarchicalTestEngine.execute(HierarchicalTestEngine.java:54)
	at org.junit.platform.launcher.core.EngineExecutionOrchestrator.execute(EngineExecutionOrchestrator.java:147)
	at org.junit.platform.launcher.core.EngineExecutionOrchestrator.execute(EngineExecutionOrchestrator.java:127)
	at org.junit.platform.launcher.core.EngineExecutionOrchestrator.execute(EngineExecutionOrchestrator.java:90)
	at org.junit.platform.launcher.core.EngineExecutionOrchestrator.lambda$execute$0(EngineExecutionOrchestrator.java:55)
	at org.junit.platform.launcher.core.EngineExecutionOrchestrator.withInterceptedStreams(EngineExecutionOrchestrator.java:102)
	at org.junit.platform.launcher.core.EngineExecutionOrchestrator.execute(EngineExecutionOrchestrator.java:54)
	at org.junit.platform.launcher.core.DefaultLauncher.execute(DefaultLauncher.java:114)
	at org.junit.platform.launcher.core.DefaultLauncher.execute(DefaultLauncher.java:86)
	at org.junit.platform.launcher.core.DefaultLauncherSession$DelegatingLauncher.execute(DefaultLauncherSession.java:86)
	at org.apache.maven.surefire.junitplatform.LazyLauncher.execute(LazyLauncher.java:50)
	at org.apache.maven.surefire.junitplatform.JUnitPlatformProvider.execute(JUnitPlatformProvider.java:184)
	at org.apache.maven.surefire.junitplatform.JUnitPlatformProvider.invokeAllTests(JUnitPlatformProvider.java:148)
	at org.apache.maven.surefire.junitplatform.JUnitPlatformProvider.invoke(JUnitPlatformProvider.java:122)
	at org.apache.maven.surefire.booter.ForkedBooter.runSuitesInProcess(ForkedBooter.java:385)
	at org.apache.maven.surefire.booter.ForkedBooter.execute(ForkedBooter.java:162)
	at org.apache.maven.surefire.booter.ForkedBooter.run(ForkedBooter.java:507)
	at org.apache.maven.surefire.booter.ForkedBooter.main(ForkedBooter.java:495)
]]></failure>
    <system-out><![CDATA[21:49:23.220 [main] INFO  com.intuit.karate.Suite - backed up existing 'target/karate-reports' dir to: target/karate-reports_1703083763217
21:49:23.907 [main] INFO  com.intuit.karate - karate.env system property was: null 
21:49:23.952 [main] ERROR com.intuit.karate - classpath:apitest/delRequest.feature:4
Given url baseURL
js failed:
>>>>
01: baseURL
<<<<
org.graalvm.polyglot.PolyglotException: ReferenceError: "baseURL" is not defined
- <js>.:program(Unnamed:1)

classpath:apitest/delRequest.feature:4
---------------------------------------------------------
feature: classpath:apitest/delRequest.feature
scenarios:  1 | passed:  0 | failed:  1 | time: 0.0077
---------------------------------------------------------

21:49:24.372 [main] INFO  com.intuit.karate.Suite - <<fail>> feature 1 of 4 (0 remaining) classpath:apitest/delRequest.feature
21:49:24.379 [main] INFO  com.intuit.karate - karate.env system property was: null 
21:49:24.383 [main] ERROR com.intuit.karate - classpath:apitest/deleteRequest.feature:4
Given url baseURL
js failed:
>>>>
01: baseURL
<<<<
org.graalvm.polyglot.PolyglotException: ReferenceError: "baseURL" is not defined
- <js>.:program(Unnamed:1)

classpath:apitest/deleteRequest.feature:4
---------------------------------------------------------
feature: classpath:apitest/deleteRequest.feature
scenarios:  1 | passed:  0 | failed:  1 | time: 0.0014
---------------------------------------------------------

21:49:24.442 [main] INFO  com.intuit.karate.Suite - <<fail>> feature 2 of 4 (0 remaining) classpath:apitest/deleteRequest.feature
21:49:24.450 [main] INFO  com.intuit.karate - karate.env system property was: null 
21:49:24.453 [main] ERROR com.intuit.karate - classpath:apitest/getRequest.feature:4
Given url baseURL
js failed:
>>>>
01: baseURL
<<<<
org.graalvm.polyglot.PolyglotException: ReferenceError: "baseURL" is not defined
- <js>.:program(Unnamed:1)

classpath:apitest/getRequest.feature:4
21:49:24.458 [main] INFO  com.intuit.karate - karate.env system property was: null 
21:49:24.461 [main] ERROR com.intuit.karate - classpath:apitest/getRequest.feature:4
Given url baseURL
js failed:
>>>>
01: baseURL
<<<<
org.graalvm.polyglot.PolyglotException: ReferenceError: "baseURL" is not defined
- <js>.:program(Unnamed:1)

classpath:apitest/getRequest.feature:4
---------------------------------------------------------
feature: classpath:apitest/getRequest.feature
scenarios:  2 | passed:  0 | failed:  2 | time: 0.0022
---------------------------------------------------------

21:49:24.599 [main] INFO  com.intuit.karate.Suite - <<fail>> feature 3 of 4 (0 remaining) classpath:apitest/getRequest.feature
21:49:24.606 [main] INFO  com.intuit.karate - karate.env system property was: null 
21:49:24.610 [main] ERROR com.intuit.karate - classpath:apitest/postRequest.feature:4
Given url baseURL
js failed:
>>>>
01: baseURL
<<<<
org.graalvm.polyglot.PolyglotException: ReferenceError: "baseURL" is not defined
- <js>.:program(Unnamed:1)

classpath:apitest/postRequest.feature:4
---------------------------------------------------------
feature: classpath:apitest/postRequest.feature
scenarios:  1 | passed:  0 | failed:  1 | time: 0.0012
---------------------------------------------------------

21:49:24.661 [main] INFO  com.intuit.karate.Suite - <<fail>> feature 4 of 4 (0 remaining) classpath:apitest/postRequest.feature
Karate version: 1.4.1
======================================================
elapsed:   1.93 | threads:    1 | thread time: 0.01 
features:     4 | skipped:    0 | efficiency: 0.01
scenarios:    5 | passed:     0 | failed: 5
======================================================
>>> failed features:
js failed:
>>>>
01: baseURL
<<<<
org.graalvm.polyglot.PolyglotException: ReferenceError: "baseURL" is not defined
- <js>.:program(Unnamed:1)

classpath:apitest/delRequest.feature:4
js failed:
>>>>
01: baseURL
<<<<
org.graalvm.polyglot.PolyglotException: ReferenceError: "baseURL" is not defined
- <js>.:program(Unnamed:1)

classpath:apitest/deleteRequest.feature:4
js failed:
>>>>
01: baseURL
<<<<
org.graalvm.polyglot.PolyglotException: ReferenceError: "baseURL" is not defined
- <js>.:program(Unnamed:1)

classpath:apitest/getRequest.feature:4
js failed:
>>>>
01: baseURL
<<<<
org.graalvm.polyglot.PolyglotException: ReferenceError: "baseURL" is not defined
- <js>.:program(Unnamed:1)

classpath:apitest/getRequest.feature:4
js failed:
>>>>
01: baseURL
<<<<
org.graalvm.polyglot.PolyglotException: ReferenceError: "baseURL" is not defined
- <js>.:program(Unnamed:1)

classpath:apitest/postRequest.feature:4
<<<

HTML report: (paste into browser to view) | Karate version: 1.4.1
file:///home/arfan/coding/DigitalSkola-QA/Homework7_Arfan/target/karate-reports/karate-summary.html
===================================================================

]]></system-out>
  </testcase>
</testsuite>